<?xml version="1.0" encoding="UTF-8"?>
<!-- Generated by org.testng.reporters.JUnitXMLReporter -->
<testsuite ignored="8" hostname="DESKTOP-3R5TTIF" failures="0" tests="8" name="Surefire test" time="297.482" errors="0" timestamp="2025-06-19T17:58:29 IST">
  <testcase classname="ContactModule.ContactScenariosTest" name="createConWithDate" time="21.078"/>
  <testcase classname="ContactModule.ContactScenariosTest" name="createConWithOrg" time="36.821"/>
  <testcase classname="ContactModule.ContactScenariosTest" name="createContTest" time="16.593"/>
  <testcase classname="ContactModule.CreateContactTest" name="createContTest" time="17.219"/>
  <testcase classname="ContactModule.CreateContactWithOrgTest" name="createConWithOrg" time="60.608"/>
  <testcase classname="OrganizationModule.OrgScenariosTest" name="createOrg" time="21.705"/>
  <testcase classname="OrganizationModule.OrgScenariosTest" name="createOrg_IndAndType" time="21.752"/>
  <testcase classname="OrganizationModule.OrgScenariosTest" name="createOrganizationWithPhno" time="18.464"/>
  <testcase classname="BaseclassUtility.Baseclass" name="@BeforeSuite connectionWithDB" time="0.0">
    <ignored/>
  </testcase> <!-- @BeforeSuite connectionWithDB -->
  <testcase classname="BaseclassUtility.Baseclass" name="@BeforeTest configParallelExe" time="0.0">
    <ignored/>
  </testcase> <!-- @BeforeTest configParallelExe -->
  <testcase classname="BaseclassUtility.Baseclass" name="@BeforeTest configParallelExe" time="0.0">
    <ignored/>
  </testcase> <!-- @BeforeTest configParallelExe -->
  <testcase classname="BaseclassUtility.Baseclass" name="@BeforeSuite connectionWithDB" time="0.0">
    <ignored/>
  </testcase> <!-- @BeforeSuite connectionWithDB -->
  <testcase classname="BaseclassUtility.Baseclass" name="@AfterSuite closetheConnWithDB" time="0.0">
    <ignored/>
  </testcase> <!-- @AfterSuite closetheConnWithDB -->
  <testcase classname="BaseclassUtility.Baseclass" name="@AfterSuite closetheConnWithDB" time="0.0">
    <ignored/>
  </testcase> <!-- @AfterSuite closetheConnWithDB -->
  <testcase classname="BaseclassUtility.Baseclass" name="@AfterTest closeParallelExe" time="0.0">
    <ignored/>
  </testcase> <!-- @AfterTest closeParallelExe -->
  <testcase classname="BaseclassUtility.Baseclass" name="@AfterTest closeParallelExe" time="0.0">
    <ignored/>
  </testcase> <!-- @AfterTest closeParallelExe -->
</testsuite> <!-- Surefire test -->
