<?xml version="1.0" encoding="UTF-8"?>
<!-- Generated by org.testng.reporters.JUnitXMLReporter -->
<testsuite ignored="4" hostname="DESKTOP-3R5TTIF" failures="0" tests="6" name="Test_edge" time="258.782" errors="0" timestamp="2025-06-12T17:51:38 IST">
  <testcase classname="ContactModule.ContactScenariosTest" name="createConWithDate" time="49.349"/>
  <testcase classname="ContactModule.ContactScenariosTest" name="createConWithOrg" time="43.7"/>
  <testcase classname="ContactModule.ContactScenariosTest" name="createContTest" time="18.68"/>
  <testcase classname="OrganizationModule.OrgScenariosTest" name="createOrg" time="23.47"/>
  <testcase classname="OrganizationModule.OrgScenariosTest" name="createOrg_IndAndType" time="18.971"/>
  <testcase classname="OrganizationModule.OrgScenariosTest" name="createOrganizationWithPhno" time="19.624"/>
  <testcase classname="BaseclassUtility.Baseclass" name="@AfterSuite closetheConnWithDB" time="0.0">
    <ignored/>
  </testcase> <!-- @AfterSuite closetheConnWithDB -->
  <testcase classname="BaseclassUtility.Baseclass" name="@AfterTest closeParallelExe" time="0.0">
    <ignored/>
  </testcase> <!-- @AfterTest closeParallelExe -->
  <testcase classname="BaseclassUtility.Baseclass" name="@BeforeTest configParallelExe" time="0.0">
    <ignored/>
  </testcase> <!-- @BeforeTest configParallelExe -->
  <testcase classname="BaseclassUtility.Baseclass" name="@BeforeSuite connectionWithDB" time="0.0">
    <ignored/>
  </testcase> <!-- @BeforeSuite connectionWithDB -->
</testsuite> <!-- Test_edge -->
