<?xml version="1.0" encoding="UTF-8"?>
<!-- Generated by org.testng.reporters.JUnitXMLReporter -->
<testsuite ignored="4" hostname="DESKTOP-3R5TTIF" failures="0" tests="6" name="Test_chrome" time="256.435" errors="0" timestamp="2025-06-12T17:51:36 IST">
  <testcase classname="ContactModule.ContactScenariosTest" name="createConWithDate" time="18.009"/>
  <testcase classname="ContactModule.ContactScenariosTest" name="createConWithOrg" time="40.357"/>
  <testcase classname="ContactModule.ContactScenariosTest" name="createContTest" time="19.442"/>
  <testcase classname="OrganizationModule.OrgScenariosTest" name="createOrg" time="20.65"/>
  <testcase classname="OrganizationModule.OrgScenariosTest" name="createOrg_IndAndType" time="20.68"/>
  <testcase classname="OrganizationModule.OrgScenariosTest" name="createOrganizationWithPhno" time="22.971"/>
  <testcase classname="BaseclassUtility.Baseclass" name="@BeforeSuite connectionWithDB" time="0.0">
    <ignored/>
  </testcase> <!-- @BeforeSuite connectionWithDB -->
  <testcase classname="BaseclassUtility.Baseclass" name="@BeforeTest configParallelExe" time="0.0">
    <ignored/>
  </testcase> <!-- @BeforeTest configParallelExe -->
  <testcase classname="BaseclassUtility.Baseclass" name="@AfterSuite closetheConnWithDB" time="0.0">
    <ignored/>
  </testcase> <!-- @AfterSuite closetheConnWithDB -->
  <testcase classname="BaseclassUtility.Baseclass" name="@AfterTest closeParallelExe" time="0.0">
    <ignored/>
  </testcase> <!-- @AfterTest closeParallelExe -->
</testsuite> <!-- Test_chrome -->
