<?xml version="1.0" encoding="UTF-8"?>
<!-- Generated by org.testng.reporters.JUnitXMLReporter -->
<testsuite ignored="0" hostname="DESKTOP-3R5TTIF" failures="0" tests="3" name="Test_2" time="141.834" errors="0" timestamp="2025-06-09T16:48:46 IST">
  <testcase classname="OrganizationModule.OrgScenariosTest" name="createOrg" time="79.384"/>
  <testcase classname="OrganizationModule.OrgScenariosTest" name="createOrg_IndAndType" time="30.243"/>
  <testcase classname="OrganizationModule.OrgScenariosTest" name="createOrganizationWithPhno" time="32.156"/>
</testsuite> <!-- Test_2 -->
