<?xml version="1.0" encoding="UTF-8"?>
<!-- Generated by org.testng.reporters.JUnitXMLReporter -->
<testsuite ignored="4" hostname="DESKTOP-3R5TTIF" failures="0" tests="6" name="Test" time="261.965" errors="0" timestamp="2025-06-13T17:20:11 IST">
  <testcase classname="ContactModule.ContactScenariosTest" name="createConWithDate" time="43.622"/>
  <testcase classname="ContactModule.ContactScenariosTest" name="createConWithOrg" time="51.766"/>
  <testcase classname="ContactModule.ContactScenariosTest" name="createContTest" time="22.168"/>
  <testcase classname="OrganizationModule.OrgScenariosTest" name="createOrg" time="24.565"/>
  <testcase classname="OrganizationModule.OrgScenariosTest" name="createOrg_IndAndType" time="19.456"/>
  <testcase classname="OrganizationModule.OrgScenariosTest" name="createOrganizationWithPhno" time="18.725"/>
  <testcase classname="BaseclassUtility.Baseclass" name="@AfterTest closeParallelExe" time="0.0">
    <ignored/>
  </testcase> <!-- @AfterTest closeParallelExe -->
  <testcase classname="BaseclassUtility.Baseclass" name="@BeforeTest configParallelExe" time="0.0">
    <ignored/>
  </testcase> <!-- @BeforeTest configParallelExe -->
  <testcase classname="BaseclassUtility.Baseclass" name="@BeforeSuite connectionWithDB" time="0.0">
    <ignored/>
  </testcase> <!-- @BeforeSuite connectionWithDB -->
  <testcase classname="BaseclassUtility.Baseclass" name="@AfterSuite closetheConnWithDB" time="0.0">
    <ignored/>
  </testcase> <!-- @AfterSuite closetheConnWithDB -->
</testsuite> <!-- Test -->
