<?xml version="1.0" encoding="UTF-8"?>
<!-- Generated by org.testng.reporters.JUnitXMLReporter -->
<testsuite ignored="0" hostname="DESKTOP-3R5TTIF" failures="0" tests="3" name="Test_1" time="158.765" errors="0" timestamp="2025-06-09T16:49:03 IST">
  <testcase classname="ContactModule.ContactScenariosTest" name="createConWithDate" time="79.399"/>
  <testcase classname="ContactModule.ContactScenariosTest" name="createConWithOrg" time="50.351"/>
  <testcase classname="ContactModule.ContactScenariosTest" name="createContTest" time="28.983"/>
</testsuite> <!-- Test_1 -->
